[
[83, 48, 58, 63, 29, ……]
[31, 39, 29, 96, 68, ……]
[79, 35, 62, 2, 26, ……]
[86, 97, 66, 83, 94, ……]
[56, 66, 25, 28, 88, ……]
……
]

[
[51, 98, 0, 21, 25, ……]
[21, 30, 71, 84, 37, ……]
[24, 19, 5, 91, 36, ……]
[42, 6, 35, 85, 25, ……]
[62, 76, 37, 44, 27, ……]
……
]

[
[49121987, 49212756, 49457517, 48927312, 49109081, ……]
[49262911, 49516709, 49699667, 49024880, 49287675, ……]
[49082874, 49288810, 49412579, 48644452, 48967936, ……]
[48855590, 49119290, 49136665, 48890589, 48986842, ……]
[49128554, 49338061, 49672722, 49171993, 49265449, ……]
……
]

clock=157229.440gcc: error: 4: No such file or directory
gcc: error: unrecognized command line option ‘-np’
[
[32, 59, 71, 8, 19, ……]
[75, 22, 65, 74, 72, ……]
[58, 34, 77, 56, 57, ……]
[68, 55, 59, 26, 87, ……]
[80, 78, 2, 65, 76, ……]
……
]

[
[62, 96, 51, 61, 67, ……]
[59, 79, 30, 50, 45, ……]
[30, 52, 43, 38, 31, ……]
[11, 96, 88, 74, 95, ……]
[38, 53, 36, 65, 88, ……]
……
]

[
[52, 46, 60, 58, 16, ……]
[54, 7, 39, 75, 74, ……]
[61, 19, 86, 80, 38, ……]
[74, 10, 61, 68, 83, ……]
[55, 57, 42, 37, 75, ……]
……
]

[
[93, 41, 5, 17, 15, ……]
[71, 87, 38, 27, 72, ……]
[82, 35, 42, 50, 1, ……]
[38, 72, 73, 47, 22, ……]
[26, 99, 92, 71, 7, ……]
……
]

